<?xml version="1.0" encoding="UTF-8"?>
<TestRun id="5a5cba0f-a036-4ab5-bbe4-2381b06b921f" name="haren@MH2700 2012-02-15 18:44:56" runUser="AURORA_NT\haren" xmlns="http://microsoft.com/schemas/VisualStudio/TeamTest/2010">
  <TestSettings name="Local" id="1ff2e3f2-619d-42a7-a959-0b6f523aec0c">
    <Description>These are default test settings for a local test run.</Description>
    <Deployment enabled="false" runDeploymentRoot="haren_MH2700 2012-02-15 18_44_56">
      <DeploymentItem filename="C:\Users\haren.AURORA_NT\Documents\My Dropbox\Projects\service-tracker\service-tracker-mvc\bin\service-tracker-mvc.dll" />
      <DeploymentItem filename="C:\Users\haren.AURORA_NT\Documents\My Dropbox\Projects\service-tracker\packages\Moq.4.0.10827\lib\NET40\Moq.dll" />
    </Deployment>
    <Execution>
      <TestTypeSpecific />
      <AgentRule name="Execution Agents">
      </AgentRule>
    </Execution>
  </TestSettings>
  <Times creation="2012-02-15T18:44:56.9688984-05:00" queuing="2012-02-15T18:44:59.4718984-05:00" start="2012-02-15T18:44:59.6708984-05:00" finish="2012-02-15T18:45:00.7778984-05:00" />
  <ResultSummary outcome="Error">
    <Counters total="2" executed="2" error="2" failed="0" timeout="0" aborted="0" inconclusive="0" passedButRunAborted="0" notRunnable="0" notExecuted="0" disconnected="0" warning="0" passed="0" completed="0" inProgress="0" pending="0" />
  </ResultSummary>
  <TestDefinitions>
    <UnitTest name="VerifyUnauthorized_Test" storage="c:\users\haren.aurora_nt\documents\my dropbox\projects\service-tracker\service-tracker-mvc.tests\bin\debug\service-tracker-mvc.tests.dll" id="dde4ac21-f73c-d14a-a548-7af6acad4735">
      <Execution id="3ffcda42-bdbd-4d8d-a958-667bc50a7ea8" />
      <TestMethod codeBase="C:/Users/haren.AURORA_NT/Documents/My Dropbox/Projects/service-tracker/service-tracker-mvc.tests/bin/Debug/service-tracker-mvc.tests.DLL" adapterTypeName="Microsoft.VisualStudio.TestTools.TestTypes.Unit.UnitTestAdapter, Microsoft.VisualStudio.QualityTools.Tips.UnitTest.Adapter, Version=10.0.0.0, Culture=neutral, PublicKeyToken=b03f5f7f11d50a3a" className="MvcAuthorize.Tests.RequiresAuthorizationAttributeTests, service-tracker-mvc.tests, Version=1.0.0.0, Culture=neutral, PublicKeyToken=null" name="VerifyUnauthorized_Test" />
    </UnitTest>
    <UnitTest name="VerifyAuthAndExecute_Test" storage="c:\users\haren.aurora_nt\documents\my dropbox\projects\service-tracker\service-tracker-mvc.tests\bin\debug\service-tracker-mvc.tests.dll" id="acf60dad-f642-ebb1-d778-a0ed661bebea">
      <Execution id="2cdd8317-14b2-440e-b811-442e57653182" />
      <TestMethod codeBase="C:/Users/haren.AURORA_NT/Documents/My Dropbox/Projects/service-tracker/service-tracker-mvc.tests/bin/Debug/service-tracker-mvc.tests.DLL" adapterTypeName="Microsoft.VisualStudio.TestTools.TestTypes.Unit.UnitTestAdapter, Microsoft.VisualStudio.QualityTools.Tips.UnitTest.Adapter, Version=10.0.0.0, Culture=neutral, PublicKeyToken=b03f5f7f11d50a3a" className="MvcAuthorize.Tests.RequiresAuthorizationAttributeTests, service-tracker-mvc.tests, Version=1.0.0.0, Culture=neutral, PublicKeyToken=null" name="VerifyAuthAndExecute_Test" />
    </UnitTest>
  </TestDefinitions>
  <TestLists>
    <TestList name="Results Not in a List" id="8c84fa94-04c1-424b-9868-57a2d4851a1d" />
    <TestList name="All Loaded Results" id="19431567-8539-422a-85d7-44ee4e166bda" />
  </TestLists>
  <TestEntries>
    <TestEntry testId="acf60dad-f642-ebb1-d778-a0ed661bebea" executionId="2cdd8317-14b2-440e-b811-442e57653182" testListId="8c84fa94-04c1-424b-9868-57a2d4851a1d" />
    <TestEntry testId="dde4ac21-f73c-d14a-a548-7af6acad4735" executionId="3ffcda42-bdbd-4d8d-a958-667bc50a7ea8" testListId="8c84fa94-04c1-424b-9868-57a2d4851a1d" />
  </TestEntries>
  <Results>
    <UnitTestResult executionId="2cdd8317-14b2-440e-b811-442e57653182" testId="acf60dad-f642-ebb1-d778-a0ed661bebea" testName="VerifyAuthAndExecute_Test" computerName="MH2700" startTime="2012-02-15T18:44:59.8638984-05:00" endTime="2012-02-15T18:45:00.6888984-05:00" testType="13cdc9d9-ddb5-4fa4-a97d-d965ccfc6d4b" testListId="8c84fa94-04c1-424b-9868-57a2d4851a1d" relativeResultsDirectory="2cdd8317-14b2-440e-b811-442e57653182">
      <Output>
        <ErrorInfo>
          <Message>Method MvcAuthorize.Tests.RequiresAuthorizationAttributeTests.TestInitialize has wrong signature.  The method should have 1 parameters.</Message>
        </ErrorInfo>
      </Output>
    </UnitTestResult>
    <UnitTestResult executionId="3ffcda42-bdbd-4d8d-a958-667bc50a7ea8" testId="dde4ac21-f73c-d14a-a548-7af6acad4735" testName="VerifyUnauthorized_Test" computerName="MH2700" startTime="2012-02-15T18:45:00.6958984-05:00" endTime="2012-02-15T18:45:00.7068984-05:00" testType="13cdc9d9-ddb5-4fa4-a97d-d965ccfc6d4b" testListId="8c84fa94-04c1-424b-9868-57a2d4851a1d" relativeResultsDirectory="3ffcda42-bdbd-4d8d-a958-667bc50a7ea8">
      <Output>
        <ErrorInfo>
          <Message>Method MvcAuthorize.Tests.RequiresAuthorizationAttributeTests.TestInitialize has wrong signature.  The method should have 1 parameters.</Message>
        </ErrorInfo>
      </Output>
    </UnitTestResult>
  </Results>
</TestRun>