<?xml version="1.0" encoding="UTF-8"?>
<TestRun id="c8e732d2-9487-4d0c-935f-1647fd0ab43b" name="haren@MH2700 2012-02-15 18:45:26" runUser="AURORA_NT\haren" xmlns="http://microsoft.com/schemas/VisualStudio/TeamTest/2010">
  <TestSettings name="Local" id="1ff2e3f2-619d-42a7-a959-0b6f523aec0c">
    <Description>These are default test settings for a local test run.</Description>
    <Deployment enabled="false" runDeploymentRoot="haren_MH2700 2012-02-15 18_45_26">
      <DeploymentItem filename="C:\Users\haren.AURORA_NT\Documents\My Dropbox\Projects\service-tracker\service-tracker-mvc\bin\service-tracker-mvc.dll" />
      <DeploymentItem filename="C:\Users\haren.AURORA_NT\Documents\My Dropbox\Projects\service-tracker\packages\Moq.4.0.10827\lib\NET40\Moq.dll" />
    </Deployment>
    <Execution>
      <TestTypeSpecific />
      <AgentRule name="Execution Agents">
      </AgentRule>
    </Execution>
  </TestSettings>
  <Times creation="2012-02-15T18:45:26.3693056-05:00" queuing="2012-02-15T18:45:28.7727468-05:00" start="2012-02-15T18:45:28.9688644-05:00" finish="2012-02-15T18:45:30.1465706-05:00" />
  <ResultSummary outcome="Error">
    <Counters total="2" executed="2" error="2" failed="0" timeout="0" aborted="0" inconclusive="0" passedButRunAborted="0" notRunnable="0" notExecuted="0" disconnected="0" warning="0" passed="0" completed="0" inProgress="0" pending="0" />
  </ResultSummary>
  <TestDefinitions>
    <UnitTest name="VerifyUnauthorized_Test" storage="c:\users\haren.aurora_nt\documents\my dropbox\projects\service-tracker\service-tracker-mvc.tests\bin\debug\service-tracker-mvc.tests.dll" id="dde4ac21-f73c-d14a-a548-7af6acad4735">
      <Execution id="1702200a-1cb0-4b81-8482-f159013f6e2a" />
      <TestMethod codeBase="C:/Users/haren.AURORA_NT/Documents/My Dropbox/Projects/service-tracker/service-tracker-mvc.tests/bin/Debug/service-tracker-mvc.tests.DLL" adapterTypeName="Microsoft.VisualStudio.TestTools.TestTypes.Unit.UnitTestAdapter, Microsoft.VisualStudio.QualityTools.Tips.UnitTest.Adapter, Version=10.0.0.0, Culture=neutral, PublicKeyToken=b03f5f7f11d50a3a" className="MvcAuthorize.Tests.RequiresAuthorizationAttributeTests, service-tracker-mvc.tests, Version=1.0.0.0, Culture=neutral, PublicKeyToken=null" name="VerifyUnauthorized_Test" />
    </UnitTest>
    <UnitTest name="VerifyAuthAndExecute_Test" storage="c:\users\haren.aurora_nt\documents\my dropbox\projects\service-tracker\service-tracker-mvc.tests\bin\debug\service-tracker-mvc.tests.dll" id="acf60dad-f642-ebb1-d778-a0ed661bebea">
      <Execution id="449fcc5e-65b3-403c-952c-18cbcc649d8c" />
      <TestMethod codeBase="C:/Users/haren.AURORA_NT/Documents/My Dropbox/Projects/service-tracker/service-tracker-mvc.tests/bin/Debug/service-tracker-mvc.tests.DLL" adapterTypeName="Microsoft.VisualStudio.TestTools.TestTypes.Unit.UnitTestAdapter, Microsoft.VisualStudio.QualityTools.Tips.UnitTest.Adapter, Version=10.0.0.0, Culture=neutral, PublicKeyToken=b03f5f7f11d50a3a" className="MvcAuthorize.Tests.RequiresAuthorizationAttributeTests, service-tracker-mvc.tests, Version=1.0.0.0, Culture=neutral, PublicKeyToken=null" name="VerifyAuthAndExecute_Test" />
    </UnitTest>
  </TestDefinitions>
  <TestLists>
    <TestList name="Results Not in a List" id="8c84fa94-04c1-424b-9868-57a2d4851a1d" />
    <TestList name="All Loaded Results" id="19431567-8539-422a-85d7-44ee4e166bda" />
  </TestLists>
  <TestEntries>
    <TestEntry testId="acf60dad-f642-ebb1-d778-a0ed661bebea" executionId="449fcc5e-65b3-403c-952c-18cbcc649d8c" testListId="8c84fa94-04c1-424b-9868-57a2d4851a1d" />
    <TestEntry testId="dde4ac21-f73c-d14a-a548-7af6acad4735" executionId="1702200a-1cb0-4b81-8482-f159013f6e2a" testListId="8c84fa94-04c1-424b-9868-57a2d4851a1d" />
  </TestEntries>
  <Results>
    <UnitTestResult executionId="449fcc5e-65b3-403c-952c-18cbcc649d8c" testId="acf60dad-f642-ebb1-d778-a0ed661bebea" testName="VerifyAuthAndExecute_Test" computerName="MH2700" startTime="2012-02-15T18:45:29.2220162-05:00" endTime="2012-02-15T18:45:30.0485118-05:00" testType="13cdc9d9-ddb5-4fa4-a97d-d965ccfc6d4b" testListId="8c84fa94-04c1-424b-9868-57a2d4851a1d" relativeResultsDirectory="449fcc5e-65b3-403c-952c-18cbcc649d8c">
      <Output>
        <ErrorInfo>
          <Message>Method MvcAuthorize.Tests.RequiresAuthorizationAttributeTests.TestInitialize has wrong signature.  The method should not be marked static.</Message>
        </ErrorInfo>
      </Output>
    </UnitTestResult>
    <UnitTestResult executionId="1702200a-1cb0-4b81-8482-f159013f6e2a" testId="dde4ac21-f73c-d14a-a548-7af6acad4735" testName="VerifyUnauthorized_Test" computerName="MH2700" startTime="2012-02-15T18:45:30.0595184-05:00" endTime="2012-02-15T18:45:30.0705250-05:00" testType="13cdc9d9-ddb5-4fa4-a97d-d965ccfc6d4b" testListId="8c84fa94-04c1-424b-9868-57a2d4851a1d" relativeResultsDirectory="1702200a-1cb0-4b81-8482-f159013f6e2a">
      <Output>
        <ErrorInfo>
          <Message>Method MvcAuthorize.Tests.RequiresAuthorizationAttributeTests.TestInitialize has wrong signature.  The method should not be marked static.</Message>
        </ErrorInfo>
      </Output>
    </UnitTestResult>
  </Results>
</TestRun>