<?xml version="1.0" encoding="UTF-8"?>
<TestRun id="7c6df8ec-8328-402b-a770-d0134e77614d" name="haren@MH2700 2012-02-15 18:47:30" runUser="AURORA_NT\haren" xmlns="http://microsoft.com/schemas/VisualStudio/TeamTest/2010">
  <TestSettings name="Local" id="1ff2e3f2-619d-42a7-a959-0b6f523aec0c">
    <Description>These are default test settings for a local test run.</Description>
    <Deployment enabled="false" runDeploymentRoot="haren_MH2700 2012-02-15 18_47_30">
      <DeploymentItem filename="C:\Users\haren.AURORA_NT\Documents\My Dropbox\Projects\service-tracker\service-tracker-mvc\bin\service-tracker-mvc.dll" />
      <DeploymentItem filename="C:\Users\haren.AURORA_NT\Documents\My Dropbox\Projects\service-tracker\packages\Moq.4.0.10827\lib\NET40\Moq.dll" />
    </Deployment>
    <Execution>
      <TestTypeSpecific />
      <AgentRule name="Execution Agents">
      </AgentRule>
    </Execution>
  </TestSettings>
  <Times creation="2012-02-15T18:47:30.1615364-05:00" queuing="2012-02-15T18:47:32.6560322-05:00" start="2012-02-15T18:47:32.8691600-05:00" finish="2012-02-15T18:47:34.0458656-05:00" />
  <ResultSummary outcome="Error">
    <Counters total="2" executed="2" error="2" failed="0" timeout="0" aborted="0" inconclusive="0" passedButRunAborted="0" notRunnable="0" notExecuted="0" disconnected="0" warning="0" passed="0" completed="0" inProgress="0" pending="0" />
  </ResultSummary>
  <TestDefinitions>
    <UnitTest name="VerifyUnauthorized_Test" storage="c:\users\haren.aurora_nt\documents\my dropbox\projects\service-tracker\service-tracker-mvc.tests\bin\debug\service-tracker-mvc.tests.dll" id="dde4ac21-f73c-d14a-a548-7af6acad4735">
      <Execution id="f2497392-a492-48d5-a842-0a72ea14ab0e" />
      <TestMethod codeBase="C:/Users/haren.AURORA_NT/Documents/My Dropbox/Projects/service-tracker/service-tracker-mvc.tests/bin/Debug/service-tracker-mvc.tests.DLL" adapterTypeName="Microsoft.VisualStudio.TestTools.TestTypes.Unit.UnitTestAdapter, Microsoft.VisualStudio.QualityTools.Tips.UnitTest.Adapter, Version=10.0.0.0, Culture=neutral, PublicKeyToken=b03f5f7f11d50a3a" className="MvcAuthorize.Tests.RequiresAuthorizationAttributeTests, service-tracker-mvc.tests, Version=1.0.0.0, Culture=neutral, PublicKeyToken=null" name="VerifyUnauthorized_Test" />
    </UnitTest>
    <UnitTest name="VerifyAuthAndExecute_Test" storage="c:\users\haren.aurora_nt\documents\my dropbox\projects\service-tracker\service-tracker-mvc.tests\bin\debug\service-tracker-mvc.tests.dll" id="acf60dad-f642-ebb1-d778-a0ed661bebea">
      <Execution id="0281d3fd-3e2b-4ddb-8bf0-983d380dc46a" />
      <TestMethod codeBase="C:/Users/haren.AURORA_NT/Documents/My Dropbox/Projects/service-tracker/service-tracker-mvc.tests/bin/Debug/service-tracker-mvc.tests.DLL" adapterTypeName="Microsoft.VisualStudio.TestTools.TestTypes.Unit.UnitTestAdapter, Microsoft.VisualStudio.QualityTools.Tips.UnitTest.Adapter, Version=10.0.0.0, Culture=neutral, PublicKeyToken=b03f5f7f11d50a3a" className="MvcAuthorize.Tests.RequiresAuthorizationAttributeTests, service-tracker-mvc.tests, Version=1.0.0.0, Culture=neutral, PublicKeyToken=null" name="VerifyAuthAndExecute_Test" />
    </UnitTest>
  </TestDefinitions>
  <TestLists>
    <TestList name="Results Not in a List" id="8c84fa94-04c1-424b-9868-57a2d4851a1d" />
    <TestList name="All Loaded Results" id="19431567-8539-422a-85d7-44ee4e166bda" />
  </TestLists>
  <TestEntries>
    <TestEntry testId="acf60dad-f642-ebb1-d778-a0ed661bebea" executionId="0281d3fd-3e2b-4ddb-8bf0-983d380dc46a" testListId="8c84fa94-04c1-424b-9868-57a2d4851a1d" />
    <TestEntry testId="dde4ac21-f73c-d14a-a548-7af6acad4735" executionId="f2497392-a492-48d5-a842-0a72ea14ab0e" testListId="8c84fa94-04c1-424b-9868-57a2d4851a1d" />
  </TestEntries>
  <Results>
    <UnitTestResult executionId="0281d3fd-3e2b-4ddb-8bf0-983d380dc46a" testId="acf60dad-f642-ebb1-d778-a0ed661bebea" testName="VerifyAuthAndExecute_Test" computerName="MH2700" startTime="2012-02-15T18:47:33.0512692-05:00" endTime="2012-02-15T18:47:33.9277948-05:00" testType="13cdc9d9-ddb5-4fa4-a97d-d965ccfc6d4b" testListId="8c84fa94-04c1-424b-9868-57a2d4851a1d" relativeResultsDirectory="0281d3fd-3e2b-4ddb-8bf0-983d380dc46a">
      <Output>
        <ErrorInfo>
          <Message>Method MvcAuthorize.Tests.RequiresAuthorizationAttributeTests.ClassInitialize has wrong signature.  The method should be marked static.</Message>
        </ErrorInfo>
      </Output>
    </UnitTestResult>
    <UnitTestResult executionId="f2497392-a492-48d5-a842-0a72ea14ab0e" testId="dde4ac21-f73c-d14a-a548-7af6acad4735" testName="VerifyUnauthorized_Test" computerName="MH2700" startTime="2012-02-15T18:47:33.9378008-05:00" endTime="2012-02-15T18:47:33.9508086-05:00" testType="13cdc9d9-ddb5-4fa4-a97d-d965ccfc6d4b" testListId="8c84fa94-04c1-424b-9868-57a2d4851a1d" relativeResultsDirectory="f2497392-a492-48d5-a842-0a72ea14ab0e">
      <Output>
        <ErrorInfo>
          <Message>Method MvcAuthorize.Tests.RequiresAuthorizationAttributeTests.ClassInitialize has wrong signature.  The method should be marked static.</Message>
        </ErrorInfo>
      </Output>
    </UnitTestResult>
  </Results>
</TestRun>